------------------------------------------------------------------------
r159 | brose | 2008-12-18 19:53:57 -0700 (Thu, 18 Dec 2008) | 1 line

maybe done... maybe
------------------------------------------------------------------------
r158 | brose | 2008-12-18 14:12:22 -0700 (Thu, 18 Dec 2008) | 1 line

minor changes. reorganizing updateJobsStatus calls among others
------------------------------------------------------------------------
r157 | brose | 2008-12-17 14:20:13 -0700 (Wed, 17 Dec 2008) | 1 line

buddy system done
------------------------------------------------------------------------
r156 | brose | 2008-12-17 12:14:54 -0700 (Wed, 17 Dec 2008) | 1 line

looking pretty good
------------------------------------------------------------------------
r155 | brose | 2008-12-17 00:34:28 -0700 (Wed, 17 Dec 2008) | 1 line

added shakes
------------------------------------------------------------------------
r154 | brose | 2008-12-16 23:06:34 -0700 (Tue, 16 Dec 2008) | 1 line

working pretty well, but calling jobFree WAY more than expected
------------------------------------------------------------------------
r153 | brose | 2008-12-16 22:01:15 -0700 (Tue, 16 Dec 2008) | 1 line

on the right track, i think
------------------------------------------------------------------------
r152 | brose | 2008-12-16 21:35:07 -0700 (Tue, 16 Dec 2008) | 1 line

checkpoint... modified dash to use mymalloc
------------------------------------------------------------------------
r151 | brose | 2008-12-16 21:28:53 -0700 (Tue, 16 Dec 2008) | 1 line

fine for now
------------------------------------------------------------------------
r150 | brose | 2008-12-16 17:59:20 -0700 (Tue, 16 Dec 2008) | 1 line

more integration of buddy system in Command
------------------------------------------------------------------------
r149 | brose | 2008-12-16 17:38:56 -0700 (Tue, 16 Dec 2008) | 1 line

starting last chance
------------------------------------------------------------------------
r148 | brose | 2008-12-14 18:04:54 -0700 (Sun, 14 Dec 2008) | 1 line

still done
------------------------------------------------------------------------
r147 | brose | 2008-12-14 17:28:50 -0700 (Sun, 14 Dec 2008) | 1 line

done
------------------------------------------------------------------------
r146 | brose | 2008-12-14 17:06:35 -0700 (Sun, 14 Dec 2008) | 1 line

done?
------------------------------------------------------------------------
r145 | brose | 2008-12-14 15:00:16 -0700 (Sun, 14 Dec 2008) | 1 line

more integration
------------------------------------------------------------------------
r144 | brose | 2008-12-14 14:35:38 -0700 (Sun, 14 Dec 2008) | 1 line

some integration in main dash, and CompoundCommand
------------------------------------------------------------------------
r143 | brose | 2008-12-14 14:21:15 -0700 (Sun, 14 Dec 2008) | 1 line

trying to integrate buddy again
------------------------------------------------------------------------
r142 | brose | 2008-12-13 22:24:03 -0700 (Sat, 13 Dec 2008) | 1 line

working as before, but with no buddy integration
------------------------------------------------------------------------
r141 | brose | 2008-12-12 22:37:10 -0700 (Fri, 12 Dec 2008) | 1 line

test sorta working with calloc
------------------------------------------------------------------------
r140 | brose | 2008-12-12 16:38:30 -0700 (Fri, 12 Dec 2008) | 1 line

better if two blocks are separated by one of  a different k
------------------------------------------------------------------------
r139 | brose | 2008-12-10 19:52:05 -0700 (Wed, 10 Dec 2008) | 1 line

time to integrate mymalloc
------------------------------------------------------------------------
r137 | brose | 2008-12-10 17:33:57 -0700 (Wed, 10 Dec 2008) | 1 line

problem was because of incorrect/incomplete Makefile. 'make' is not producing the proper output, 'make clean all' is.
------------------------------------------------------------------------
r136 | brose | 2008-12-10 14:22:18 -0700 (Wed, 10 Dec 2008) | 1 line

at first glance, coalescing looks good. maybe not, but don't want to mess it up
------------------------------------------------------------------------
r135 | brose | 2008-12-10 03:20:14 -0700 (Wed, 10 Dec 2008) | 1 line

done tonight
------------------------------------------------------------------------
r134 | brose | 2008-12-09 20:01:36 -0700 (Tue, 09 Dec 2008) | 1 line

big step forward on the links, but there's still an issue with some back links
------------------------------------------------------------------------
r133 | brose | 2008-12-09 17:45:27 -0700 (Tue, 09 Dec 2008) | 1 line

checkpoint
------------------------------------------------------------------------
r132 | brose | 2008-12-09 15:58:38 -0700 (Tue, 09 Dec 2008) | 1 line

starting on Tues
------------------------------------------------------------------------
r131 | brose | 2008-12-08 23:14:25 -0700 (Mon, 08 Dec 2008) | 1 line

HistoryCommand is working (off by one)
------------------------------------------------------------------------
r130 | brose | 2008-12-08 20:26:16 -0700 (Mon, 08 Dec 2008) | 1 line

compound commands are 'working', but signals no longer are
------------------------------------------------------------------------
r129 | brose | 2008-12-08 19:49:18 -0700 (Mon, 08 Dec 2008) | 1 line

close on compoundcommand, but strtok is not working past the first
------------------------------------------------------------------------
r128 | brose | 2008-12-08 18:28:19 -0700 (Mon, 08 Dec 2008) | 1 line

added CompoundCommand, and set up the framework for it. not tested
------------------------------------------------------------------------
r127 | brose | 2008-12-07 22:07:47 -0700 (Sun, 07 Dec 2008) | 1 line

probably final tonight, but the malloc and the free seem to work with precurory testing
------------------------------------------------------------------------
r126 | brose | 2008-12-07 19:56:56 -0700 (Sun, 07 Dec 2008) | 1 line

this looks relatively promising
------------------------------------------------------------------------
r125 | brose | 2008-12-07 19:35:50 -0700 (Sun, 07 Dec 2008) | 1 line

tidyed up a bit, and compensated for the size of the header
------------------------------------------------------------------------
r124 | brose | 2008-12-07 19:18:30 -0700 (Sun, 07 Dec 2008) | 1 line

recursive freeing, but same problem with clearing the last level
------------------------------------------------------------------------
r123 | brose | 2008-12-07 18:57:45 -0700 (Sun, 07 Dec 2008) | 1 line

improvement on split
------------------------------------------------------------------------
r122 | brose | 2008-12-07 16:31:21 -0700 (Sun, 07 Dec 2008) | 1 line

this is not perfect, or fully tested, but it's better 
------------------------------------------------------------------------
r121 | brose | 2008-12-07 12:49:04 -0700 (Sun, 07 Dec 2008) | 1 line

bit of reorganization
------------------------------------------------------------------------
r120 | brose | 2008-12-07 01:43:04 -0700 (Sun, 07 Dec 2008) | 1 line

just for convenience
------------------------------------------------------------------------
r119 | brose | 2008-12-06 23:15:44 -0700 (Sat, 06 Dec 2008) | 1 line

this is behaving correctly, so something obscure must be right, but the entirety is NOT. has to be something with setting links on coalesce
------------------------------------------------------------------------
r118 | brose | 2008-12-06 21:23:32 -0700 (Sat, 06 Dec 2008) | 1 line

bit of progress with freeing the last one. sloppy, but it seems to work
------------------------------------------------------------------------
r117 | brose | 2008-12-06 20:36:55 -0700 (Sat, 06 Dec 2008) | 1 line

added headers for buddy
------------------------------------------------------------------------
r116 | brose | 2008-12-06 20:29:28 -0700 (Sat, 06 Dec 2008) | 1 line

bringing buddy from its own project into this one
------------------------------------------------------------------------
r115 | brose | 2008-11-24 15:45:32 -0700 (Mon, 24 Nov 2008) | 1 line

maybe done, unless I can figure out recursive
------------------------------------------------------------------------
r114 | brose | 2008-11-24 14:55:42 -0700 (Mon, 24 Nov 2008) | 1 line

do some more testing, revision, then done
------------------------------------------------------------------------
r113 | brose | 2008-11-23 01:57:39 -0700 (Sun, 23 Nov 2008) | 1 line

halfway done with code comments, and README
------------------------------------------------------------------------
r112 | brose | 2008-11-22 13:57:11 -0700 (Sat, 22 Nov 2008) | 1 line

reorganized Makefiles
------------------------------------------------------------------------
r111 | brose | 2008-11-22 13:35:30 -0700 (Sat, 22 Nov 2008) | 1 line

removed ForegroundCommand and BackgroundCommand, replacing them with ExternalCommand, among many other minor things
------------------------------------------------------------------------
r110 | brose | 2008-11-21 22:18:16 -0700 (Fri, 21 Nov 2008) | 1 line

seems to be working... for real this time
------------------------------------------------------------------------
r109 | brose | 2008-11-21 10:30:08 -0700 (Fri, 21 Nov 2008) | 1 line

to test on onyx
------------------------------------------------------------------------
r108 | brose | 2008-11-19 23:43:58 -0700 (Wed, 19 Nov 2008) | 1 line

i think tcsetpgrp is set
------------------------------------------------------------------------
r107 | brose | 2008-11-19 16:47:05 -0700 (Wed, 19 Nov 2008) | 1 line

getting closer (maybe there) with tcsetpgrp
------------------------------------------------------------------------
r106 | brose | 2008-11-18 15:08:32 -0700 (Tue, 18 Nov 2008) | 1 line

things look to be working again, and the includes are a bit tidied up
------------------------------------------------------------------------
r105 | brose | 2008-11-17 23:32:29 -0700 (Mon, 17 Nov 2008) | 2 lines

sorting out some headers

------------------------------------------------------------------------
r104 | brose | 2008-11-17 22:58:05 -0700 (Mon, 17 Nov 2008) | 1 line

it's ok if a job starts fg, but not if it starts bg
------------------------------------------------------------------------
r103 | brose | 2008-11-17 14:58:34 -0700 (Mon, 17 Nov 2008) | 1 line

bg/fg jobs seem to be responding to the correct signals, but not tested nearly enough yet
------------------------------------------------------------------------
r102 | brose | 2008-11-15 20:28:15 -0700 (Sat, 15 Nov 2008) | 1 line

checkpoint
------------------------------------------------------------------------
r101 | brose | 2008-11-13 23:58:34 -0700 (Thu, 13 Nov 2008) | 1 line

confused and tired, but it works, minus the tc shit
------------------------------------------------------------------------
r100 | brose | 2008-11-13 13:21:49 -0700 (Thu, 13 Nov 2008) | 1 line

from school
------------------------------------------------------------------------
r99 | brose | 2008-11-10 22:10:51 -0700 (Mon, 10 Nov 2008) | 1 line

maybe done tonight. loop takes a parameter now. signals 'work', but i don't know how to show a process as stopped in my list (even tho it IS stopped, i show 'running'). only distinguishable values are 0 when it's running, and matching the pid when it's done
------------------------------------------------------------------------
r98 | brose | 2008-11-10 15:02:32 -0700 (Mon, 10 Nov 2008) | 1 line

fg and bg work without any args. just remove the tail of stList
------------------------------------------------------------------------
r97 | brose | 2008-11-10 11:22:08 -0700 (Mon, 10 Nov 2008) | 1 line

get rid of Debug
------------------------------------------------------------------------
r96 | brose | 2008-11-10 11:19:11 -0700 (Mon, 10 Nov 2008) | 1 line

r
------------------------------------------------------------------------
r95 | brose | 2008-11-10 10:54:42 -0700 (Mon, 10 Nov 2008) | 1 line

refactoring
------------------------------------------------------------------------
r94 | brose | 2008-11-10 02:35:10 -0700 (Mon, 10 Nov 2008) | 1 line

dm
------------------------------------------------------------------------
r93 | brose | 2008-11-10 02:33:37 -0700 (Mon, 10 Nov 2008) | 1 line

c
------------------------------------------------------------------------
r92 | brose | 2008-11-10 01:42:12 -0700 (Mon, 10 Nov 2008) | 1 line

new properties for files
------------------------------------------------------------------------
r91 | brose | 2008-11-10 01:03:53 -0700 (Mon, 10 Nov 2008) | 1 line

refactored to putt dash source in a new folder
------------------------------------------------------------------------
r90 | brose | 2008-11-09 22:06:44 -0700 (Sun, 09 Nov 2008) | 1 line

not much progress, but svn1.5 is installed
------------------------------------------------------------------------
r89 | brose | 2008-11-09 16:56:00 -0700 (Sun, 09 Nov 2008) | 1 line

set up SIGCHLD to be asyncronous, but commented it out for now
------------------------------------------------------------------------
r88 | brose | 2008-11-09 00:38:26 -0700 (Sun, 09 Nov 2008) | 1 line

moved from signal to sigaction, because signal is not entirely safe
------------------------------------------------------------------------
r87 | brose | 2008-11-07 13:39:30 -0700 (Fri, 07 Nov 2008) | 1 line

added test-harness
------------------------------------------------------------------------
r86 | brose | 2008-11-05 23:56:00 -0700 (Wed, 05 Nov 2008) | 1 line

properly ignoring signals in bgjobs and catching them with fgjobs, but there are problems if they switch from what they were originally
------------------------------------------------------------------------
r85 | brose | 2008-11-05 16:22:23 -0700 (Wed, 05 Nov 2008) | 1 line

starting with signals
------------------------------------------------------------------------
r84 | brose | 2008-10-22 22:46:40 -0600 (Wed, 22 Oct 2008) | 1 line

confusion on jobsNext
------------------------------------------------------------------------
r83 | brose | 2008-10-18 16:33:16 -0600 (Sat, 18 Oct 2008) | 1 line


------------------------------------------------------------------------
r82 | brose | 2008-10-18 16:17:43 -0600 (Sat, 18 Oct 2008) | 1 line

probably the final for dash1.1
------------------------------------------------------------------------
r81 | brose | 2008-10-17 18:09:19 -0600 (Fri, 17 Oct 2008) | 1 line

error checking
------------------------------------------------------------------------
r80 | brose | 2008-10-17 17:29:28 -0600 (Fri, 17 Oct 2008) | 1 line

cleanup
------------------------------------------------------------------------
r79 | brose | 2008-10-17 17:21:20 -0600 (Fri, 17 Oct 2008) | 1 line

reorganized list directory
------------------------------------------------------------------------
r78 | brose | 2008-10-16 23:19:48 -0600 (Thu, 16 Oct 2008) | 1 line

wo testing
------------------------------------------------------------------------
r77 | brose | 2008-10-16 23:12:55 -0600 (Thu, 16 Oct 2008) | 1 line

dunno
------------------------------------------------------------------------
r76 | brose | 2008-10-16 17:15:19 -0600 (Thu, 16 Oct 2008) | 1 line

bit of cleanup
------------------------------------------------------------------------
r75 | brose | 2008-10-16 16:55:51 -0600 (Thu, 16 Oct 2008) | 1 line

svn is now a command line
------------------------------------------------------------------------
r74 | brose | 2008-10-16 16:42:38 -0600 (Thu, 16 Oct 2008) | 1 line

no output with nothing in list, recycling job ids
------------------------------------------------------------------------
r73 | brose | 2008-10-16 16:26:22 -0600 (Thu, 16 Oct 2008) | 1 line

reversion
------------------------------------------------------------------------
r71 | brose | 2008-10-16 16:17:36 -0600 (Thu, 16 Oct 2008) | 1 line

checkpoint
------------------------------------------------------------------------
r70 | brose | 2008-10-15 16:03:11 -0600 (Wed, 15 Oct 2008) | 1 line

recycling job ids
------------------------------------------------------------------------
r69 | brose | 2008-10-14 17:34:43 -0600 (Tue, 14 Oct 2008) | 1 line

cleaning up first submission, still has signals, fg, bg, etc
------------------------------------------------------------------------
r67 | brose | 2008-10-10 19:21:41 -0600 (Fri, 10 Oct 2008) | 1 line

bgCommand works
------------------------------------------------------------------------
r66 | brose | 2008-10-10 18:59:50 -0600 (Fri, 10 Oct 2008) | 1 line

signals mostly working
------------------------------------------------------------------------
r65 | brose | 2008-10-09 01:28:39 -0600 (Thu, 09 Oct 2008) | 1 line

more combining
------------------------------------------------------------------------
r64 | brose | 2008-10-09 00:19:51 -0600 (Thu, 09 Oct 2008) | 1 line

starting to incorporate old
------------------------------------------------------------------------
r62 | brose | 2008-09-23 22:46:05 -0600 (Tue, 23 Sep 2008) | 1 line

final
------------------------------------------------------------------------
r61 | brose | 2008-09-23 17:29:21 -0600 (Tue, 23 Sep 2008) | 1 line

probably going to submit this
------------------------------------------------------------------------
r60 | brose | 2008-09-23 16:40:46 -0600 (Tue, 23 Sep 2008) | 1 line

checkpoint
------------------------------------------------------------------------
r58 | brose | 2008-09-23 13:43:58 -0600 (Tue, 23 Sep 2008) | 1 line

removed oh
------------------------------------------------------------------------
r56 | brose | 2008-09-23 10:47:20 -0600 (Tue, 23 Sep 2008) | 1 line

output looks 'almost' there
------------------------------------------------------------------------
r55 | brose | 2008-09-23 00:17:20 -0600 (Tue, 23 Sep 2008) | 1 line

error printing listt... still looks like my output
------------------------------------------------------------------------
r54 | brose | 2008-09-22 21:50:38 -0600 (Mon, 22 Sep 2008) | 1 line

in the right direction, but still fucked
------------------------------------------------------------------------
r53 | brose | 2008-09-22 17:27:34 -0600 (Mon, 22 Sep 2008) | 1 line

still a bit quirky, but i think it's only the output 
------------------------------------------------------------------------
r52 | brose | 2008-09-22 16:46:56 -0600 (Mon, 22 Sep 2008) | 1 line

on track to monitoring status, but quirky
------------------------------------------------------------------------
r51 | brose | 2008-09-22 16:06:22 -0600 (Mon, 22 Sep 2008) | 1 line

added some to job update, but it doesnt work yet
------------------------------------------------------------------------
r50 | brose | 2008-09-22 14:58:15 -0600 (Mon, 22 Sep 2008) | 1 line

working on updateJobsStatus
------------------------------------------------------------------------
r49 | brose | 2008-09-22 13:44:10 -0600 (Mon, 22 Sep 2008) | 1 line

removed use of CommandParser, but not the object
------------------------------------------------------------------------
r48 | brose | 2008-09-22 00:17:36 -0600 (Mon, 22 Sep 2008) | 1 line

bit of cleanup, and added the list dir
------------------------------------------------------------------------
r47 | brose | 2008-09-21 23:29:02 -0600 (Sun, 21 Sep 2008) | 1 line

looks like ive got the setArgs correct
------------------------------------------------------------------------
r46 | brose | 2008-09-21 21:53:59 -0600 (Sun, 21 Sep 2008) | 1 line

runs in the foreground on seldon, not sure about onyx
------------------------------------------------------------------------
r45 | brose | 2008-09-21 00:58:55 -0600 (Sun, 21 Sep 2008) | 1 line

no test anymore
------------------------------------------------------------------------
r44 | brose | 2008-09-20 23:51:26 -0600 (Sat, 20 Sep 2008) | 1 line

added test to Dash.c
------------------------------------------------------------------------
r43 | brose | 2008-09-20 23:45:52 -0600 (Sat, 20 Sep 2008) | 1 line

removing garbage
------------------------------------------------------------------------
r42 | brose | 2008-09-20 01:55:27 -0600 (Sat, 20 Sep 2008) | 1 line

first from fedora
------------------------------------------------------------------------
r41 | brose | 2008-09-18 22:21:40 -0600 (Thu, 18 Sep 2008) | 1 line

tr oh
------------------------------------------------------------------------
r40 | brose | 2008-09-18 22:14:14 -0600 (Thu, 18 Sep 2008) | 1 line

out of error
------------------------------------------------------------------------
r39 | brose | 2008-09-18 19:13:18 -0600 (Thu, 18 Sep 2008) | 1 line

added liblistlib.so
------------------------------------------------------------------------
r38 | brose | 2008-09-18 17:57:32 -0600 (Thu, 18 Sep 2008) | 1 line

readline is working!!!
------------------------------------------------------------------------
r37 | brose | 2008-09-18 15:36:53 -0600 (Thu, 18 Sep 2008) | 1 line

going to see amit
------------------------------------------------------------------------
r36 | brose | 2008-09-18 14:32:16 -0600 (Thu, 18 Sep 2008) | 1 line

working on readline
------------------------------------------------------------------------
r35 | brose | 2008-09-18 02:12:08 -0600 (Thu, 18 Sep 2008) | 1 line

everythinng [seems] ok
------------------------------------------------------------------------
r34 | brose | 2008-09-18 01:47:38 -0600 (Thu, 18 Sep 2008) | 1 line

better
------------------------------------------------------------------------
r33 | brose | 2008-09-18 01:41:53 -0600 (Thu, 18 Sep 2008) | 1 line

should be done tonight
------------------------------------------------------------------------
r32 | brose | 2008-09-17 21:30:11 -0600 (Wed, 17 Sep 2008) | 1 line

big changes in reducing the number of 'dash.c' functions
------------------------------------------------------------------------
r27 | brose | 2008-09-16 15:15:56 -0600 (Tue, 16 Sep 2008) | 1 line

making it just 'fgets'
------------------------------------------------------------------------
r23 | brose | 2008-09-16 01:09:05 -0600 (Tue, 16 Sep 2008) | 1 line

done tonight
------------------------------------------------------------------------
r22 | brose | 2008-09-15 22:05:35 -0600 (Mon, 15 Sep 2008) | 1 line


------------------------------------------------------------------------
r18 | brose | 2008-09-15 17:23:30 -0600 (Mon, 15 Sep 2008) | 1 line

moving st to bg
------------------------------------------------------------------------
r17 | brose | 2008-09-15 14:34:24 -0600 (Mon, 15 Sep 2008) | 1 line

checkpoint
------------------------------------------------------------------------
r16 | brose | 2008-09-15 13:59:13 -0600 (Mon, 15 Sep 2008) | 1 line

some progress on st/bg jobs. methods need to be combined
------------------------------------------------------------------------
r15 | brose | 2008-09-15 12:49:57 -0600 (Mon, 15 Sep 2008) | 1 line

working on bgcommand
------------------------------------------------------------------------
r14 | brose | 2008-09-14 23:43:19 -0600 (Sun, 14 Sep 2008) | 1 line

added test progs. signals are working better than i thought. need to do something about redirecting output for bgcommands
------------------------------------------------------------------------
r13 | brose | 2008-09-14 20:28:33 -0600 (Sun, 14 Sep 2008) | 1 line

done tonight
------------------------------------------------------------------------
r12 | brose | 2008-09-14 19:19:17 -0600 (Sun, 14 Sep 2008) | 1 line

catching and killing for foreground
------------------------------------------------------------------------
r10 | brose | 2008-09-14 17:04:46 -0600 (Sun, 14 Sep 2008) | 1 line

changed the addBgJob and setFgJob, to take Jobs instead of Commands
------------------------------------------------------------------------
r9 | brose | 2008-09-14 01:14:23 -0600 (Sun, 14 Sep 2008) | 1 line

blah
------------------------------------------------------------------------
r8 | brose | 2008-09-14 01:03:48 -0600 (Sun, 14 Sep 2008) | 1 line

better signals for f/b commands
------------------------------------------------------------------------
r7 | brose | 2008-09-14 00:00:59 -0600 (Sun, 14 Sep 2008) | 1 line


------------------------------------------------------------------------
r6 | brose | 2008-09-13 21:58:11 -0600 (Sat, 13 Sep 2008) | 1 line

baby step up with output
------------------------------------------------------------------------
r5 | brose | 2008-09-13 21:05:19 -0600 (Sat, 13 Sep 2008) | 1 line

checkpoint
------------------------------------------------------------------------
r3 | brose | 2008-09-13 17:44:14 -0600 (Sat, 13 Sep 2008) | 1 line

clearing up parent child misunderstandings
------------------------------------------------------------------------
r2 | brose | 2008-09-13 17:01:33 -0600 (Sat, 13 Sep 2008) | 1 line

moved libraries to a var in Makefile
------------------------------------------------------------------------
r1 | brose | 2008-09-13 16:19:02 -0600 (Sat, 13 Sep 2008) | 1 line

init
------------------------------------------------------------------------
